<?xml version="1.0" encoding="UTF-8"?>
<!-- Generated by org.testng.reporters.JUnitXMLReporter -->
<testsuite ignored="0" hostname="QT-LP003" failures="0" tests="5" name="Test" time="4.597" errors="0" timestamp="2025-06-02T15:12:07 IST">
  <testcase classname="com.propery.tests.PropertyPageTest" name="validatePropertyDetails" time="2.354"/>
  <testcase classname="com.propery.tests.PropertyPageTest" name="validatePropertyDetailsWithAllOptionsOfAgeOfBuilding" time="0.005"/>
  <testcase classname="com.propery.tests.PropertyPageTest" name="validatePropertyDetailsWithAllOptionsOfAgeOfBuilding" time="0.014"/>
  <testcase classname="com.propery.tests.PropertyPageTest" name="validatePropertyDetailsWithAllOptionsOfAgeOfBuilding" time="0.008"/>
  <testcase classname="com.propery.tests.PropertyPageTest" name="validatePropertyDetailsWithAllOptionsOfAgeOfBuilding" time="0.008"/>
</testsuite> <!-- Test -->
