<?xml version="1.0" encoding="UTF-8"?>
<!-- Generated by org.testng.reporters.JUnitXMLReporter -->
<testsuite ignored="0" hostname="QT-LP003" failures="0" tests="5" name="Test" time="4.263" errors="0" timestamp="2025-06-02T15:10:12 IST">
  <testcase classname="com.propery.tests.PropertyPageTest" name="validatePropertyDetails" time="2.337"/>
  <testcase classname="com.propery.tests.PropertyPageTest" name="validatePropertyDetailsWithAllOptionsOfAgeOfBuilding" time="0.002"/>
  <testcase classname="com.propery.tests.PropertyPageTest" name="validatePropertyDetailsWithAllOptionsOfAgeOfBuilding" time="0.001"/>
  <testcase classname="com.propery.tests.PropertyPageTest" name="validatePropertyDetailsWithAllOptionsOfAgeOfBuilding" time="0.001"/>
  <testcase classname="com.propery.tests.PropertyPageTest" name="validatePropertyDetailsWithAllOptionsOfAgeOfBuilding" time="0.0"/>
</testsuite> <!-- Test -->
