<?xml version="1.0" encoding="UTF-8"?>
<testng-results ignored="0" total="1" passed="1" failed="0" skipped="0">
  <reporter-output>
  </reporter-output>
  <suite started-at="2025-06-02T15:17:25 IST" name="Default suite" finished-at="2025-06-02T15:17:28 IST" duration-ms="2871">
    <groups>
    </groups>
    <test started-at="2025-06-02T15:17:25 IST" name="Default test" finished-at="2025-06-02T15:17:28 IST" duration-ms="2871">
      <class name="com.propery.tests.GetQuotesTest">
        <test-method signature="checkCallBtn()[pri:0, instance:com.propery.tests.GetQuotesTest@1ee4730]" started-at="2025-06-02T15:17:25 IST" name="checkCallBtn" finished-at="2025-06-02T15:17:27 IST" duration-ms="2573" status="PASS">
          <reporter-output>
          </reporter-output>
        </test-method> <!-- checkCallBtn -->
      </class> <!-- com.propery.tests.GetQuotesTest -->
    </test> <!-- Default test -->
  </suite> <!-- Default suite -->
</testng-results>
