<?xml version="1.0" encoding="UTF-8"?>
<testng-results ignored="0" total="1" passed="1" failed="0" skipped="0">
  <reporter-output>
  </reporter-output>
  <suite started-at="2025-05-31T15:51:34 IST" name="Default suite" finished-at="2025-05-31T15:51:36 IST" duration-ms="2624">
    <groups>
    </groups>
    <test started-at="2025-05-31T15:51:34 IST" name="Default test" finished-at="2025-05-31T15:51:36 IST" duration-ms="2624">
      <class name="com.propery.tests.PropertyPageTest">
        <test-method signature="validatePropertyDetails()[pri:0, instance:com.propery.tests.PropertyPageTest@758a34ce]" started-at="2025-05-31T15:51:34 IST" name="validatePropertyDetails" finished-at="2025-05-31T15:51:36 IST" duration-ms="2399" status="PASS">
          <reporter-output>
          </reporter-output>
        </test-method> <!-- validatePropertyDetails -->
      </class> <!-- com.propery.tests.PropertyPageTest -->
    </test> <!-- Default test -->
  </suite> <!-- Default suite -->
</testng-results>
